Arguments: 
  /usr/local/bin/node /usr/local/bin/yarn start

PATH: 
  /Users/stevenmalmgren/.local/bin:/opt/apache-maven/bin:/Library/Java/JavaVirtualMachines/adoptopenjdk-8.jdk/Contents/Home:/Library/Frameworks/Python.framework/Versions/3.8/bin:/usr/local/bin:/usr/bin:/bin:/usr/sbin:/sbin:/opt/puppetlabs/bin:/projects/LEDGrid/node_modules/.bin

Yarn version: 
  1.5.1

Node version: 
  10.16.1

Platform: 
  darwin x64

npm manifest: 
  {
    "dependencies": {
      "@material-ui/core": "^4.9.3",
      "@material-ui/icons": "^4.9.1",
      "@material-ui/styles": "^4.9.0",
      "@types/react-color": "^3.0.1",
      "react-color": "^2.18.0"
    }
  }

yarn manifest: 
  No manifest

Lockfile: 
  # THIS IS AN AUTOGENERATED FILE. DO NOT EDIT THIS FILE DIRECTLY.
  # yarn lockfile v1
  
  
  "@babel/runtime@^7.3.1", "@babel/runtime@^7.4.4", "@babel/runtime@^7.5.5", "@babel/runtime@^7.6.2", "@babel/runtime@^7.6.3":
    version "7.8.4"
    resolved "https://registry.yarnpkg.com/@babel/runtime/-/runtime-7.8.4.tgz#d79f5a2040f7caa24d53e563aad49cbc05581308"
    dependencies:
      regenerator-runtime "^0.13.2"
  
  "@emotion/hash@^0.7.4":
    version "0.7.4"
    resolved "https://registry.yarnpkg.com/@emotion/hash/-/hash-0.7.4.tgz#f14932887422c9056b15a8d222a9074a7dfa2831"
  
  "@icons/material@^0.2.4":
    version "0.2.4"
    resolved "https://registry.yarnpkg.com/@icons/material/-/material-0.2.4.tgz#e90c9f71768b3736e76d7dd6783fc6c2afa88bc8"
  
  "@material-ui/core@^4.9.3":
    version "4.9.3"
    resolved "https://registry.yarnpkg.com/@material-ui/core/-/core-4.9.3.tgz#29ad51f4d36cbc3af7a9db27d92f93fa4fa42d50"
    dependencies:
      "@babel/runtime" "^7.4.4"
      "@material-ui/styles" "^4.9.0"
      "@material-ui/system" "^4.9.3"
      "@material-ui/types" "^5.0.0"
      "@material-ui/utils" "^4.7.1"
      "@types/react-transition-group" "^4.2.0"
      clsx "^1.0.2"
      convert-css-length "^2.0.1"
      hoist-non-react-statics "^3.3.2"
      popper.js "^1.14.1"
      prop-types "^15.7.2"
      react-is "^16.8.0"
      react-transition-group "^4.3.0"
  
  "@material-ui/icons@^4.9.1":
    version "4.9.1"
    resolved "https://registry.yarnpkg.com/@material-ui/icons/-/icons-4.9.1.tgz#fdeadf8cb3d89208945b33dbc50c7c616d0bd665"
    dependencies:
      "@babel/runtime" "^7.4.4"
  
  "@material-ui/styles@^4.9.0":
    version "4.9.0"
    resolved "https://registry.yarnpkg.com/@material-ui/styles/-/styles-4.9.0.tgz#10c31859f6868cfa9d3adf6b6c3e32c9d676bc76"
    dependencies:
      "@babel/runtime" "^7.4.4"
      "@emotion/hash" "^0.7.4"
      "@material-ui/types" "^5.0.0"
      "@material-ui/utils" "^4.7.1"
      clsx "^1.0.2"
      csstype "^2.5.2"
      hoist-non-react-statics "^3.2.1"
      jss "^10.0.3"
      jss-plugin-camel-case "^10.0.3"
      jss-plugin-default-unit "^10.0.3"
      jss-plugin-global "^10.0.3"
      jss-plugin-nested "^10.0.3"
      jss-plugin-props-sort "^10.0.3"
      jss-plugin-rule-value-function "^10.0.3"
      jss-plugin-vendor-prefixer "^10.0.3"
      prop-types "^15.7.2"
  
  "@material-ui/system@^4.9.3":
    version "4.9.3"
    resolved "https://registry.yarnpkg.com/@material-ui/system/-/system-4.9.3.tgz#ee48990d7941237fdaf21b7b399981d614bb0875"
    dependencies:
      "@babel/runtime" "^7.4.4"
      "@material-ui/utils" "^4.7.1"
      prop-types "^15.7.2"
  
  "@material-ui/types@^5.0.0":
    version "5.0.0"
    resolved "https://registry.yarnpkg.com/@material-ui/types/-/types-5.0.0.tgz#26d6259dc6b39f4c2e1e9aceff7a11e031941741"
  
  "@material-ui/utils@^4.7.1":
    version "4.7.1"
    resolved "https://registry.yarnpkg.com/@material-ui/utils/-/utils-4.7.1.tgz#dc16c7f0d2cd02fbcdd5cfe601fd6863ae3cc652"
    dependencies:
      "@babel/runtime" "^7.4.4"
      prop-types "^15.7.2"
      react-is "^16.8.0"
  
  "@types/prop-types@*":
    version "15.7.3"
    resolved "https://registry.yarnpkg.com/@types/prop-types/-/prop-types-15.7.3.tgz#2ab0d5da2e5815f94b0b9d4b95d1e5f243ab2ca7"
  
  "@types/react-color@^3.0.1":
    version "3.0.1"
    resolved "https://registry.yarnpkg.com/@types/react-color/-/react-color-3.0.1.tgz#5433e2f503ea0e0831cbc6fd0c20f8157d93add0"
    dependencies:
      "@types/react" "*"
  
  "@types/react-transition-group@^4.2.0":
    version "4.2.3"
    resolved "https://registry.yarnpkg.com/@types/react-transition-group/-/react-transition-group-4.2.3.tgz#4924133f7268694058e415bf7aea2d4c21131470"
    dependencies:
      "@types/react" "*"
  
  "@types/react@*":
    version "16.9.19"
    resolved "https://registry.yarnpkg.com/@types/react/-/react-16.9.19.tgz#c842aa83ea490007d29938146ff2e4d9e4360c40"
    dependencies:
      "@types/prop-types" "*"
      csstype "^2.2.0"
  
  clsx@^1.0.2:
    version "1.1.0"
    resolved "https://registry.yarnpkg.com/clsx/-/clsx-1.1.0.tgz#62937c6adfea771247c34b54d320fb99624f5702"
  
  convert-css-length@^2.0.1:
    version "2.0.1"
    resolved "https://registry.yarnpkg.com/convert-css-length/-/convert-css-length-2.0.1.tgz#90a76bde5bfd24d72881a5b45d02249b2c1d257c"
  
  css-vendor@^2.0.7:
    version "2.0.7"
    resolved "https://registry.yarnpkg.com/css-vendor/-/css-vendor-2.0.7.tgz#4e6d53d953c187981576d6a542acc9fb57174bda"
    dependencies:
      "@babel/runtime" "^7.6.2"
      is-in-browser "^1.0.2"
  
  csstype@^2.2.0, csstype@^2.5.2, csstype@^2.6.5, csstype@^2.6.7:
    version "2.6.9"
    resolved "https://registry.yarnpkg.com/csstype/-/csstype-2.6.9.tgz#05141d0cd557a56b8891394c1911c40c8a98d098"
  
  dom-helpers@^5.0.1:
    version "5.1.3"
    resolved "https://registry.yarnpkg.com/dom-helpers/-/dom-helpers-5.1.3.tgz#7233248eb3a2d1f74aafca31e52c5299cc8ce821"
    dependencies:
      "@babel/runtime" "^7.6.3"
      csstype "^2.6.7"
  
  hoist-non-react-statics@^3.2.1, hoist-non-react-statics@^3.3.2:
    version "3.3.2"
    resolved "https://registry.yarnpkg.com/hoist-non-react-statics/-/hoist-non-react-statics-3.3.2.tgz#ece0acaf71d62c2969c2ec59feff42a4b1a85b45"
    dependencies:
      react-is "^16.7.0"
  
  hyphenate-style-name@^1.0.3:
    version "1.0.3"
    resolved "https://registry.yarnpkg.com/hyphenate-style-name/-/hyphenate-style-name-1.0.3.tgz#097bb7fa0b8f1a9cf0bd5c734cf95899981a9b48"
  
  is-in-browser@^1.0.2, is-in-browser@^1.1.3:
    version "1.1.3"
    resolved "https://registry.yarnpkg.com/is-in-browser/-/is-in-browser-1.1.3.tgz#56ff4db683a078c6082eb95dad7dc62e1d04f835"
  
  "js-tokens@^3.0.0 || ^4.0.0":
    version "4.0.0"
    resolved "https://registry.yarnpkg.com/js-tokens/-/js-tokens-4.0.0.tgz#19203fb59991df98e3a287050d4647cdeaf32499"
  
  jss-plugin-camel-case@^10.0.3:
    version "10.0.4"
    resolved "https://registry.yarnpkg.com/jss-plugin-camel-case/-/jss-plugin-camel-case-10.0.4.tgz#3dedecec1e5bba0bf6141c2c05e2ab11ea4b468d"
    dependencies:
      "@babel/runtime" "^7.3.1"
      hyphenate-style-name "^1.0.3"
      jss "10.0.4"
  
  jss-plugin-default-unit@^10.0.3:
    version "10.0.4"
    resolved "https://registry.yarnpkg.com/jss-plugin-default-unit/-/jss-plugin-default-unit-10.0.4.tgz#df03885de20f20a1fc1c21bdb7c62e865ee400d9"
    dependencies:
      "@babel/runtime" "^7.3.1"
      jss "10.0.4"
  
  jss-plugin-global@^10.0.3:
    version "10.0.4"
    resolved "https://registry.yarnpkg.com/jss-plugin-global/-/jss-plugin-global-10.0.4.tgz#412245b56133cc88bec654a70d82d5922619f4c5"
    dependencies:
      "@babel/runtime" "^7.3.1"
      jss "10.0.4"
  
  jss-plugin-nested@^10.0.3:
    version "10.0.4"
    resolved "https://registry.yarnpkg.com/jss-plugin-nested/-/jss-plugin-nested-10.0.4.tgz#4d15ad13995fb6e4125618006473a096d2475d75"
    dependencies:
      "@babel/runtime" "^7.3.1"
      jss "10.0.4"
      tiny-warning "^1.0.2"
  
  jss-plugin-props-sort@^10.0.3:
    version "10.0.4"
    resolved "https://registry.yarnpkg.com/jss-plugin-props-sort/-/jss-plugin-props-sort-10.0.4.tgz#43c880ff8dfcf858f809f663ece5e65a1d945b5a"
    dependencies:
      "@babel/runtime" "^7.3.1"
      jss "10.0.4"
  
  jss-plugin-rule-value-function@^10.0.3:
    version "10.0.4"
    resolved "https://registry.yarnpkg.com/jss-plugin-rule-value-function/-/jss-plugin-rule-value-function-10.0.4.tgz#2f4cf4a86ad3eba875bb48cb9f4a7ed35cb354e7"
    dependencies:
      "@babel/runtime" "^7.3.1"
      jss "10.0.4"
  
  jss-plugin-vendor-prefixer@^10.0.3:
    version "10.0.4"
    resolved "https://registry.yarnpkg.com/jss-plugin-vendor-prefixer/-/jss-plugin-vendor-prefixer-10.0.4.tgz#1626ef612a4541cff17cf96815e1740155214ed2"
    dependencies:
      "@babel/runtime" "^7.3.1"
      css-vendor "^2.0.7"
      jss "10.0.4"
  
  jss@10.0.4, jss@^10.0.3:
    version "10.0.4"
    resolved "https://registry.yarnpkg.com/jss/-/jss-10.0.4.tgz#46ebdde1c40c9a079d64f3334cb88ae28fd90bfd"
    dependencies:
      "@babel/runtime" "^7.3.1"
      csstype "^2.6.5"
      is-in-browser "^1.1.3"
      tiny-warning "^1.0.2"
  
  lodash@^4.0.1, lodash@^4.17.11:
    version "4.17.15"
    resolved "https://registry.yarnpkg.com/lodash/-/lodash-4.17.15.tgz#b447f6670a0455bbfeedd11392eff330ea097548"
  
  loose-envify@^1.4.0:
    version "1.4.0"
    resolved "https://registry.yarnpkg.com/loose-envify/-/loose-envify-1.4.0.tgz#71ee51fa7be4caec1a63839f7e682d8132d30caf"
    dependencies:
      js-tokens "^3.0.0 || ^4.0.0"
  
  material-colors@^1.2.1:
    version "1.2.6"
    resolved "https://registry.yarnpkg.com/material-colors/-/material-colors-1.2.6.tgz#6d1958871126992ceecc72f4bcc4d8f010865f46"
  
  object-assign@^4.1.1:
    version "4.1.1"
    resolved "https://registry.yarnpkg.com/object-assign/-/object-assign-4.1.1.tgz#2109adc7965887cfc05cbbd442cac8bfbb360863"
  
  popper.js@^1.14.1:
    version "1.16.1"
    resolved "https://registry.yarnpkg.com/popper.js/-/popper.js-1.16.1.tgz#2a223cb3dc7b6213d740e40372be40de43e65b1b"
  
  prop-types@^15.5.10, prop-types@^15.6.2, prop-types@^15.7.2:
    version "15.7.2"
    resolved "https://registry.yarnpkg.com/prop-types/-/prop-types-15.7.2.tgz#52c41e75b8c87e72b9d9360e0206b99dcbffa6c5"
    dependencies:
      loose-envify "^1.4.0"
      object-assign "^4.1.1"
      react-is "^16.8.1"
  
  react-color@^2.18.0:
    version "2.18.0"
    resolved "https://registry.yarnpkg.com/react-color/-/react-color-2.18.0.tgz#34956f0bac394f6c3bc01692fd695644cc775ffd"
    dependencies:
      "@icons/material" "^0.2.4"
      lodash "^4.17.11"
      material-colors "^1.2.1"
      prop-types "^15.5.10"
      reactcss "^1.2.0"
      tinycolor2 "^1.4.1"
  
  react-is@^16.7.0, react-is@^16.8.0, react-is@^16.8.1:
    version "16.12.0"
    resolved "https://registry.yarnpkg.com/react-is/-/react-is-16.12.0.tgz#2cc0fe0fba742d97fd527c42a13bec4eeb06241c"
  
  react-transition-group@^4.3.0:
    version "4.3.0"
    resolved "https://registry.yarnpkg.com/react-transition-group/-/react-transition-group-4.3.0.tgz#fea832e386cf8796c58b61874a3319704f5ce683"
    dependencies:
      "@babel/runtime" "^7.5.5"
      dom-helpers "^5.0.1"
      loose-envify "^1.4.0"
      prop-types "^15.6.2"
  
  reactcss@^1.2.0:
    version "1.2.3"
    resolved "https://registry.yarnpkg.com/reactcss/-/reactcss-1.2.3.tgz#c00013875e557b1cf0dfd9a368a1c3dab3b548dd"
    dependencies:
      lodash "^4.0.1"
  
  regenerator-runtime@^0.13.2:
    version "0.13.3"
    resolved "https://registry.yarnpkg.com/regenerator-runtime/-/regenerator-runtime-0.13.3.tgz#7cf6a77d8f5c6f60eb73c5fc1955b2ceb01e6bf5"
  
  tiny-warning@^1.0.2:
    version "1.0.3"
    resolved "https://registry.yarnpkg.com/tiny-warning/-/tiny-warning-1.0.3.tgz#94a30db453df4c643d0fd566060d60a875d84754"
  
  tinycolor2@^1.4.1:
    version "1.4.1"
    resolved "https://registry.yarnpkg.com/tinycolor2/-/tinycolor2-1.4.1.tgz#f4fad333447bc0b07d4dc8e9209d8f39a8ac77e8"

Trace: 
  Error: Command "start" not found.
      at new MessageError (/usr/local/lib/node_modules/yarn/lib/cli.js:186:110)
      at /usr/local/lib/node_modules/yarn/lib/cli.js:87307:17
      at Generator.next (<anonymous>)
      at step (/usr/local/lib/node_modules/yarn/lib/cli.js:98:30)
      at /usr/local/lib/node_modules/yarn/lib/cli.js:116:14
      at new Promise (<anonymous>)
      at new F (/usr/local/lib/node_modules/yarn/lib/cli.js:23451:28)
      at /usr/local/lib/node_modules/yarn/lib/cli.js:95:12
      at runCommand (/usr/local/lib/node_modules/yarn/lib/cli.js:87312:22)
      at Object.<anonymous> (/usr/local/lib/node_modules/yarn/lib/cli.js:87412:14)
